1665741845618	geckodriver	INFO	Listening on 127.0.0.1:53086
1665741848650	mozrunner::runner	INFO	Running command: "C:\\Program Files\\Mozilla Firefox\\firefox.exe" "--marionette" "--remote-debugging-port" "53087" "--remote-allow-hosts" "localhost" "-no-remote" "-profile" "C:\\Users\\super\\AppData\\Local\\Temp\\rust_mozprofileXvJpba"
1665741849245	Marionette	INFO	Marionette enabled
1665741849253	Marionette	INFO	Listening on port 53096
Read port: 53096
WebDriver BiDi listening on ws://127.0.0.1:53087
1665741849452	RemoteAgent	WARN	TLS certificate errors will be ignored for this session
console.warn: SearchSettings: "get: No settings file exists, new profile?" (new NotFoundError("Could not open the file at C:\\Users\\super\\AppData\\Local\\Temp\\rust_mozprofileXvJpba\\search.json.mozlz4", (void 0)))
DevTools listening on ws://127.0.0.1:53087/devtools/browser/798a712b-fe8c-423a-b1e0-056871e2354c
console.warn: LoginRecipes: "Falling back to a synchronous message for: https://webclicker.web.app."
console.warn: LoginRecipes: "Falling back to a synchronous message for: https://webclicker.web.app."
1665741879584	Marionette	INFO	Stopped listening on port 53096
console.warn: TopSitesFeed: Failed to fetch data from Contile server: NetworkError when attempting to fetch resource.
1665741884415	geckodriver	INFO	Listening on 127.0.0.1:53370
1665741887422	mozrunner::runner	INFO	Running command: "C:\\Program Files\\Mozilla Firefox\\firefox.exe" "--marionette" "--remote-debugging-port" "53371" "--remote-allow-hosts" "localhost" "-no-remote" "-profile" "C:\\Users\\super\\AppData\\Local\\Temp\\rust_mozprofileFnbRBA"
1665741888020	Marionette	INFO	Marionette enabled
1665741888027	Marionette	INFO	Listening on port 53380
Read port: 53380
WebDriver BiDi listening on ws://127.0.0.1:53371
1665741888204	RemoteAgent	WARN	TLS certificate errors will be ignored for this session
console.warn: SearchSettings: "get: No settings file exists, new profile?" (new NotFoundError("Could not open the file at C:\\Users\\super\\AppData\\Local\\Temp\\rust_mozprofileFnbRBA\\search.json.mozlz4", (void 0)))
DevTools listening on ws://127.0.0.1:53371/devtools/browser/10b5e5bf-4fc2-407e-92a7-aba06aea86f5
1665741892916	Marionette	INFO	Stopped listening on port 53380
console.warn: TopSitesFeed: Failed to fetch data from Contile server: NetworkError when attempting to fetch resource.
JavaScript error: resource://services-settings/Utils.jsm, line 239: TypeError: NetworkError: Network request failed
[Parent 29228, IPC I/O Parent] WARNING: file /builds/worker/checkouts/gecko/ipc/chromium/src/base/process_util_win.cc:167
1665785075235	geckodriver	INFO	Listening on 127.0.0.1:63078
1665785078321	mozrunner::runner	INFO	Running command: "C:\\Program Files\\Mozilla Firefox\\firefox.exe" "--marionette" "--remote-debugging-port" "63079" "--remote-allow-hosts" "localhost" "-no-remote" "-profile" "C:\\Users\\super\\AppData\\Local\\Temp\\rust_mozprofilecWvVVR"
1665785079186	Marionette	INFO	Marionette enabled
1665785079195	Marionette	INFO	Listening on port 63096
Read port: 63096
WebDriver BiDi listening on ws://127.0.0.1:63079
1665785079396	RemoteAgent	WARN	TLS certificate errors will be ignored for this session
console.warn: SearchSettings: "get: No settings file exists, new profile?" (new NotFoundError("Could not open the file at C:\\Users\\super\\AppData\\Local\\Temp\\rust_mozprofilecWvVVR\\search.json.mozlz4", (void 0)))
DevTools listening on ws://127.0.0.1:63079/devtools/browser/4a9503a5-6bb7-4a74-9f0b-3019c1802c59
console.warn: LoginRecipes: "Falling back to a synchronous message for: https://webclicker.web.app."
console.warn: LoginRecipes: "Falling back to a synchronous message for: https://webclicker.web.app."
1665785118993	Marionette	INFO	Stopped listening on port 63096
console.warn: TopSitesFeed: Failed to fetch data from Contile server: NetworkError when attempting to fetch resource.
1665785124268	geckodriver	INFO	Listening on 127.0.0.1:63688
1665785127296	mozrunner::runner	INFO	Running command: "C:\\Program Files\\Mozilla Firefox\\firefox.exe" "--marionette" "--remote-debugging-port" "63689" "--remote-allow-hosts" "localhost" "-no-remote" "-profile" "C:\\Users\\super\\AppData\\Local\\Temp\\rust_mozprofileZUg3uf"
1665785128051	Marionette	INFO	Marionette enabled
1665785128062	Marionette	INFO	Listening on port 63706
Read port: 63706
WebDriver BiDi listening on ws://127.0.0.1:63689
1665785128335	RemoteAgent	WARN	TLS certificate errors will be ignored for this session
console.warn: SearchSettings: "get: No settings file exists, new profile?" (new NotFoundError("Could not open the file at C:\\Users\\super\\AppData\\Local\\Temp\\rust_mozprofileZUg3uf\\search.json.mozlz4", (void 0)))
DevTools listening on ws://127.0.0.1:63689/devtools/browser/1b6d89e5-0c2e-444e-9cee-fe502cd55feb
console.warn: LoginRecipes: "Falling back to a synchronous message for: https://webclicker.web.app."
console.warn: LoginRecipes: "Falling back to a synchronous message for: https://webclicker.web.app."
1665785153285	Marionette	INFO	Stopped listening on port 63706
console.warn: TopSitesFeed: Failed to fetch data from Contile server: NetworkError when attempting to fetch resource.
1665785167760	geckodriver	INFO	Listening on 127.0.0.1:64178
1665785170785	mozrunner::runner	INFO	Running command: "C:\\Program Files\\Mozilla Firefox\\firefox.exe" "--marionette" "--remote-debugging-port" "64179" "--remote-allow-hosts" "localhost" "-no-remote" "-profile" "C:\\Users\\super\\AppData\\Local\\Temp\\rust_mozprofilemXNOTD"
1665785171345	Marionette	INFO	Marionette enabled
1665785171352	Marionette	INFO	Listening on port 64188
Read port: 64188
WebDriver BiDi listening on ws://127.0.0.1:64179
1665785171563	RemoteAgent	WARN	TLS certificate errors will be ignored for this session
console.warn: SearchSettings: "get: No settings file exists, new profile?" (new NotFoundError("Could not open the file at C:\\Users\\super\\AppData\\Local\\Temp\\rust_mozprofilemXNOTD\\search.json.mozlz4", (void 0)))
DevTools listening on ws://127.0.0.1:64179/devtools/browser/dc7421f8-4146-42dd-8f72-bf8d753c66f9
console.warn: LoginRecipes: "Falling back to a synchronous message for: https://webclicker.web.app."
console.warn: LoginRecipes: "Falling back to a synchronous message for: https://webclicker.web.app."
1665785534060	Marionette	INFO	Stopped listening on port 64188
console.warn: TopSitesFeed: Failed to fetch data from Contile server: NetworkError when attempting to fetch resource.
remote-debugging-port" "64792" "--remote-allow-hosts" "localhost" "-no-remote" "-profile" "C:\\Users\\super\\AppData\\Local\\Temp\\rust_mozprofileWbZ32Q"
1665785414588	Marionette	INFO	Marionette enabled
1665785414595	Marionette	INFO	Listening on port 64801
Read port: 64801
WebDriver BiDi listening on ws://127.0.0.1:64792
1665785414770	RemoteAgent	WARN	TLS certificate errors will be ignored for this session
console.warn: SearchSettings: "get: No settings file exists, new profile?" (new NotFoundError("Could not open the file at C:\\Users\\super\\AppData\\Local\\Temp\\rust_mozprofileWbZ32Q\\search.json.mozlz4", (void 0)))
DevTools listening on ws://127.0.0.1:64792/devtools/browser/273e8df9-6a18-465a-bfdb-c84f77032f02
console.warn: LoginRecipes: "Falling back to a synchronous message for: https://webclicker.web.app."
console.warn: LoginRecipes: "Falling back to a synchronous message for: https://webclicker.web.app."
1665785535128	Marionette	INFO	Stopped listening on port 64801
console.warn: TopSitesFeed: Failed to fetch data from Contile server: NetworkError when attempting to fetch resource.
1665785541856	geckodriver	INFO	Listening on 127.0.0.1:49949
1665785544895	mozrunner::runner	INFO	Running command: "C:\\Program Files\\Mozilla Firefox\\firefox.exe" "--marionette" "--remote-debugging-port" "49950" "--remote-allow-hosts" "localhost" "-no-remote" "-profile" "C:\\Users\\super\\AppData\\Local\\Temp\\rust_mozprofile6OKDOP"
1665785545520	Marionette	INFO	Marionette enabled
1665785545528	Marionette	INFO	Listening on port 49959
Read port: 49959
WebDriver BiDi listening on ws://127.0.0.1:49950
1665785545724	RemoteAgent	WARN	TLS certificate errors will be ignored for this session
console.warn: SearchSettings: "get: No settings file exists, new profile?" (new NotFoundError("Could not open the file at C:\\Users\\super\\AppData\\Local\\Temp\\rust_mozprofile6OKDOP\\search.json.mozlz4", (void 0)))
DevTools listening on ws://127.0.0.1:49950/devtools/browser/53d1cdbe-6c22-489d-89cb-bdab461d0922
console.warn: LoginRecipes: "Falling back to a synchronous message for: https://webclicker.web.app."
console.warn: LoginRecipes: "Falling back to a synchronous message for: https://webclicker.web.app."
1665787036423	Marionette	WARN	TimedPromise timed out after 500 ms: stacktrace:
TimedPromise/<@chrome://remote/content/marionette/sync.js:236:24
TimedPromise@chrome://remote/content/marionette/sync.js:221:10
interaction.flushEventLoop@chrome://remote/content/marionette/interaction.js:431:10
webdriverClickElement@chrome://remote/content/marionette/interaction.js:179:31
1665787610552	Marionette	WARN	TimedPromise timed out after 500 ms: stacktrace:
TimedPromise/<@chrome://remote/content/marionette/sync.js:236:24
TimedPromise@chrome://remote/content/marionette/sync.js:221:10
interaction.flushEventLoop@chrome://remote/content/marionette/interaction.js:431:10
webdriverClickElement@chrome://remote/content/marionette/interaction.js:179:31
1665788890567	Marionette	INFO	Stopped listening on port 49959
console.warn: TopSitesFeed: Failed to fetch data from Contile server: NetworkError when attempting to fetch resource.
1666049629369	geckodriver	INFO	Listening on 127.0.0.1:60356
1666049632440	mozrunner::runner	INFO	Running command: "C:\\Program Files\\Mozilla Firefox\\firefox.exe" "--marionette" "--remote-debugging-port" "60357" "--remote-allow-hosts" "localhost" "-no-remote" "-profile" "C:\\Users\\super\\AppData\\Local\\Temp\\rust_mozprofileu7SZY2"
1666049633216	Marionette	INFO	Marionette enabled
1666049633228	Marionette	INFO	Listening on port 60366
Read port: 60366
WebDriver BiDi listening on ws://127.0.0.1:60357
1666049633467	RemoteAgent	WARN	TLS certificate errors will be ignored for this session
console.warn: SearchSettings: "get: No settings file exists, new profile?" (new NotFoundError("Could not open the file at C:\\Users\\super\\AppData\\Local\\Temp\\rust_mozprofileu7SZY2\\search.json.mozlz4", (void 0)))
DevTools listening on ws://127.0.0.1:60357/devtools/browser/31ce4978-b1f5-4889-859c-3bc24118469b
1666049642704	Marionette	WARN	TimedPromise timed out after 500 ms: stacktrace:
TimedPromise/<@chrome://remote/content/marionette/sync.js:236:24
TimedPromise@chrome://remote/content/marionette/sync.js:221:10
interaction.flushEventLoop@chrome://remote/content/marionette/interaction.js:431:10
webdriverClickElement@chrome://remote/content/marionette/interaction.js:179:31
console.warn: LoginRecipes: "Falling back to a synchronous message for: https://webclicker.web.app."
console.warn: LoginRecipes: "Falling back to a synchronous message for: https://webclicker.web.app."
1666049677193	Marionette	INFO	Stopped listening on port 60366
console.warn: TopSitesFeed: Failed to fetch data from Contile server: NetworkError when attempting to fetch resource.
1666049681517	geckodriver	INFO	Listening on 127.0.0.1:54012
1666049684595	mozrunner::runner	INFO	Running command: "C:\\Program Files\\Mozilla Firefox\\firefox.exe" "--marionette" "--remote-debugging-port" "54013" "--remote-allow-hosts" "localhost" "-no-remote" "-profile" "C:\\Users\\super\\AppData\\Local\\Temp\\rust_mozprofilebRDti7"
1666049685185	Marionette	INFO	Marionette enabled
1666049685193	Marionette	INFO	Listening on port 54022
Read port: 54022
WebDriver BiDi listening on ws://127.0.0.1:54013
1666049685372	RemoteAgent	WARN	TLS certificate errors will be ignored for this session
console.warn: SearchSettings: "get: No settings file exists, new profile?" (new NotFoundError("Could not open the file at C:\\Users\\super\\AppData\\Local\\Temp\\rust_mozprofilebRDti7\\search.json.mozlz4", (void 0)))
DevTools listening on ws://127.0.0.1:54013/devtools/browser/f197ec9d-3c7f-415e-b9a8-d848f78ce3e1
console.warn: LoginRecipes: "Falling back to a synchronous message for: https://webclicker.web.app."
console.warn: LoginRecipes: "Falling back to a synchronous message for: https://webclicker.web.app."
1666049714016	Marionette	INFO	Stopped listening on port 54022
console.warn: TopSitesFeed: Failed to fetch data from Contile server: NetworkError when attempting to fetch resource.
1666049721094	geckodriver	INFO	Listening on 127.0.0.1:54963
1666049724173	mozrunner::runner	INFO	Running command: "C:\\Program Files\\Mozilla Firefox\\firefox.exe" "--marionette" "--remote-debugging-port" "54964" "--remote-allow-hosts" "localhost" "-no-remote" "-profile" "C:\\Users\\super\\AppData\\Local\\Temp\\rust_mozprofile05hnAL"
1666049724920	Marionette	INFO	Marionette enabled
1666049724930	Marionette	INFO	Listening on port 54973
Read port: 54973
WebDriver BiDi listening on ws://127.0.0.1:54964
1666049725115	RemoteAgent	WARN	TLS certificate errors will be ignored for this session
console.warn: SearchSettings: "get: No settings file exists, new profile?" (new NotFoundError("Could not open the file at C:\\Users\\super\\AppData\\Local\\Temp\\rust_mozprofile05hnAL\\search.json.mozlz4", (void 0)))
DevTools listening on ws://127.0.0.1:54964/devtools/browser/66de2677-efe9-458f-ad58-27578bb69d48
1666049748767	Marionette	WARN	TimedPromise timed out after 500 ms: stacktrace:
TimedPromise/<@chrome://remote/content/marionette/sync.js:236:24
TimedPromise@chrome://remote/content/marionette/sync.js:221:10
interaction.flushEventLoop@chrome://remote/content/marionette/interaction.js:431:10
webdriverClickElement@chrome://remote/content/marionette/interaction.js:179:31
console.warn: LoginRecipes: "Falling back to a synchronous message for: https://webclicker.web.app."
console.warn: LoginRecipes: "Falling back to a synchronous message for: https://webclicker.web.app."
1666049757092	Marionette	INFO	Stopped listening on port 54973
console.warn: TopSitesFeed: Failed to fetch data from Contile server: NetworkError when attempting to fetch resource.
1666218347049	geckodriver	INFO	Listening on 127.0.0.1:53215
1666218350087	mozrunner::runner	INFO	Running command: "C:\\Program Files\\Mozilla Firefox\\firefox.exe" "--marionette" "--remote-debugging-port" "53216" "--remote-allow-hosts" "localhost" "-no-remote" "-profile" "C:\\Users\\super\\AppData\\Local\\Temp\\rust_mozprofile5XJdff"
1666218350894	Marionette	INFO	Marionette enabled
1666218350902	Marionette	INFO	Listening on port 53229
Read port: 53229
WebDriver BiDi listening on ws://127.0.0.1:53216
1666218351116	RemoteAgent	WARN	TLS certificate errors will be ignored for this session
console.warn: SearchSettings: "get: No settings file exists, new profile?" (new NotFoundError("Could not open the file at C:\\Users\\super\\AppData\\Local\\Temp\\rust_mozprofile5XJdff\\search.json.mozlz4", (void 0)))
DevTools listening on ws://127.0.0.1:53216/devtools/browser/584b1cd4-b67a-4e1b-9bce-6b97e42df37f
console.warn: LoginRecipes: "Falling back to a synchronous message for: https://webclicker.web.app."
console.warn: LoginRecipes: "Falling back to a synchronous message for: https://webclicker.web.app."
1666218431801	Marionette	INFO	Stopped listening on port 53229
1666378364960	geckodriver	INFO	Listening on 127.0.0.1:57803
1666378367970	mozrunner::runner	INFO	Running command: "C:\\Program Files\\Mozilla Firefox\\firefox.exe" "--marionette" "--remote-debugging-port" "57804" "--remote-allow-hosts" "localhost" "-no-remote" "-profile" "C:\\Users\\super\\AppData\\Local\\Temp\\rust_mozprofileqpDCCw"
1666378368284	Marionette	INFO	Marionette enabled
1666378368288	Marionette	INFO	Listening on port 57813
WebDriver BiDi listening on ws://127.0.0.1:57804
Read port: 57813
1666378368511	RemoteAgent	WARN	TLS certificate errors will be ignored for this session
console.warn: SearchSettings: "get: No settings file exists, new profile?" (new NotFoundError("Could not open the file at C:\\Users\\super\\AppData\\Local\\Temp\\rust_mozprofileqpDCCw\\search.json.mozlz4", (void 0)))
DevTools listening on ws://127.0.0.1:57804/devtools/browser/51b3c5d1-d17a-4633-8079-80de04a5b6cf
console.warn: LoginRecipes: "Falling back to a synchronous message for: https://webclicker.web.app."
console.warn: LoginRecipes: "Falling back to a synchronous message for: https://webclicker.web.app."
1666390981805	geckodriver	INFO	Listening on 127.0.0.1:65025
1666390984869	mozrunner::runner	INFO	Running command: "C:\\Program Files\\Mozilla Firefox\\firefox.exe" "--marionette" "--remote-debugging-port" "65026" "--remote-allow-hosts" "localhost" "-no-remote" "-profile" "C:\\Users\\super\\AppData\\Local\\Temp\\rust_mozprofilegylrtV"
1666390985687	Marionette	INFO	Marionette enabled
1666390985696	Marionette	INFO	Listening on port 65046
Read port: 65046
WebDriver BiDi listening on ws://127.0.0.1:65026
1666390985913	RemoteAgent	WARN	TLS certificate errors will be ignored for this session
console.warn: SearchSettings: "get: No settings file exists, new profile?" (new NotFoundError("Could not open the file at C:\\Users\\super\\AppData\\Local\\Temp\\rust_mozprofilegylrtV\\search.json.mozlz4", (void 0)))
DevTools listening on ws://127.0.0.1:65026/devtools/browser/625441a1-8739-43c0-852c-69bb9dfb73b6
console.warn: LoginRecipes: "Falling back to a synchronous message for: https://webclicker.web.app."
console.warn: LoginRecipes: "Falling back to a synchronous message for: https://webclicker.web.app."
1666391663309	Marionette	WARN	TimedPromise timed out after 500 ms: stacktrace:
TimedPromise/<@chrome://remote/content/marionette/sync.js:236:24
TimedPromise@chrome://remote/content/marionette/sync.js:221:10
interaction.flushEventLoop@chrome://remote/content/marionette/interaction.js:431:10
webdriverClickElement@chrome://remote/content/marionette/interaction.js:179:31
1666396244823	Marionette	INFO	Stopped listening on port 65046
console.warn: TopSitesFeed: Failed to fetch data from Contile server: NetworkError when attempting to fetch resource.
1666581521015	geckodriver	INFO	Listening on 127.0.0.1:53782
1666581524097	mozrunner::runner	INFO	Running command: "C:\\Program Files\\Mozilla Firefox\\firefox.exe" "--marionette" "--remote-debugging-port" "53783" "--remote-allow-hosts" "localhost" "-no-remote" "-profile" "C:\\Users\\super\\AppData\\Local\\Temp\\rust_mozprofileOtcCuJ"
1666581524778	Marionette	INFO	Marionette enabled
1666581524787	Marionette	INFO	Listening on port 53792
Read port: 53792
WebDriver BiDi listening on ws://127.0.0.1:53783
1666581524991	RemoteAgent	WARN	TLS certificate errors will be ignored for this session
console.warn: SearchSettings: "get: No settings file exists, new profile?" (new NotFoundError("Could not open the file at C:\\Users\\super\\AppData\\Local\\Temp\\rust_mozprofileOtcCuJ\\search.json.mozlz4", (void 0)))
DevTools listening on ws://127.0.0.1:53783/devtools/browser/9a6f5a9e-40c2-4dcf-a0f5-c30d8c6c2457
console.warn: LoginRecipes: "Falling back to a synchronous message for: https://webclicker.web.app."
console.warn: LoginRecipes: "Falling back to a synchronous message for: https://webclicker.web.app."
1666581558419	Marionette	INFO	Stopped listening on port 53792
console.warn: TopSitesFeed: Failed to fetch data from Contile server: NetworkError when attempting to fetch resource.
JavaScript error: resource://services-settings/RemoteSettingsWorker.jsm, line 145: Error: Shutdown, aborting read-only worker requests.
1666995325370	geckodriver	INFO	Listening on 127.0.0.1:65303
1666995328437	mozrunner::runner	INFO	Running command: "C:\\Program Files\\Mozilla Firefox\\firefox.exe" "--marionette" "--remote-debugging-port" "65304" "--remote-allow-hosts" "localhost" "-no-remote" "-profile" "C:\\Users\\super\\AppData\\Local\\Temp\\rust_mozprofileiR1YB9"
1666995329285	Marionette	INFO	Marionette enabled
1666995329293	Marionette	INFO	Listening on port 65317
Read port: 65317
WebDriver BiDi listening on ws://127.0.0.1:65304
1666995329484	RemoteAgent	WARN	TLS certificate errors will be ignored for this session
console.warn: SearchSettings: "get: No settings file exists, new profile?" (new NotFoundError("Could not open the file at C:\\Users\\super\\AppData\\Local\\Temp\\rust_mozprofileiR1YB9\\search.json.mozlz4", (void 0)))
DevTools listening on ws://127.0.0.1:65304/devtools/browser/0ddcf9c1-56b5-4401-a7cf-591fc8d89ceb
console.warn: LoginRecipes: "Falling back to a synchronous message for: https://webclicker.web.app."
console.warn: LoginRecipes: "Falling back to a synchronous message for: https://webclicker.web.app."
1666995525575	Marionette	WARN	TimedPromise timed out after 500 ms: stacktrace:
TimedPromise/<@chrome://remote/content/marionette/sync.js:236:24
TimedPromise@chrome://remote/content/marionette/sync.js:221:10
interaction.flushEventLoop@chrome://remote/content/marionette/interaction.js:431:10
webdriverClickElement@chrome://remote/content/marionette/interaction.js:179:31
1666996257751	Marionette	WARN	TimedPromise timed out after 500 ms: stacktrace:
TimedPromise/<@chrome://remote/content/marionette/sync.js:236:24
TimedPromise@chrome://remote/content/marionette/sync.js:221:10
interaction.flushEventLoop@chrome://remote/content/marionette/interaction.js:431:10
webdriverClickElement@chrome://remote/content/marionette/interaction.js:179:31
1666997014142	Marionette	WARN	TimedPromise timed out after 500 ms: stacktrace:
TimedPromise/<@chrome://remote/content/marionette/sync.js:236:24
TimedPromise@chrome://remote/content/marionette/sync.js:221:10
interaction.flushEventLoop@chrome://remote/content/marionette/interaction.js:431:10
webdriverClickElement@chrome://remote/content/marionette/interaction.js:179:31
1666998636721	Marionette	INFO	Stopped listening on port 65317
console.warn: TopSitesFeed: Failed to fetch data from Contile server: NetworkError when attempting to fetch resource.
1668814068556	geckodriver	INFO	Listening on 127.0.0.1:56545
1668814071625	mozrunner::runner	INFO	Running command: "C:\\Program Files\\Mozilla Firefox\\firefox.exe" "--marionette" "--remote-debugging-port" "56546" "--remote-allow-hosts" "localhost" "-no-remote" "-profile" "C:\\Users\\super\\AppData\\Local\\Temp\\rust_mozprofileZS7bxy"
1668814072469	Marionette	INFO	Marionette enabled
1668814072476	Marionette	INFO	Listening on port 56555
Read port: 56555
WebDriver BiDi listening on ws://127.0.0.1:56546
1668814072686	RemoteAgent	WARN	TLS certificate errors will be ignored for this session
console.warn: SearchSettings: "get: No settings file exists, new profile?" (new NotFoundError("Could not open the file at C:\\Users\\super\\AppData\\Local\\Temp\\rust_mozprofileZS7bxy\\search.json.mozlz4", (void 0)))
DevTools listening on ws://127.0.0.1:56546/devtools/browser/e26bef59-b349-4c11-a033-892d3146cc5c
console.warn: LoginRecipes: "Falling back to a synchronous message for: https://webclicker.web.app."
console.warn: LoginRecipes: "Falling back to a synchronous message for: https://webclicker.web.app."
1668814179429	Marionette	INFO	Stopped listening on port 56555
console.warn: TopSitesFeed: Failed to fetch data from Contile server: NetworkError when attempting to fetch resource.
1668814188335	geckodriver	INFO	Listening on 127.0.0.1:56643
1668814191362	mozrunner::runner	INFO	Running command: "C:\\Program Files\\Mozilla Firefox\\firefox.exe" "--marionette" "--remote-debugging-port" "56644" "--remote-allow-hosts" "localhost" "-no-remote" "-profile" "C:\\Users\\super\\AppData\\Local\\Temp\\rust_mozprofileA9j5oQ"
1668814192078	Marionette	INFO	Marionette enabled
1668814192087	Marionette	INFO	Listening on port 56653
Read port: 56653
WebDriver BiDi listening on ws://127.0.0.1:56644
1668814192269	RemoteAgent	WARN	TLS certificate errors will be ignored for this session
console.warn: SearchSettings: "get: No settings file exists, new profile?" (new NotFoundError("Could not open the file at C:\\Users\\super\\AppData\\Local\\Temp\\rust_mozprofileA9j5oQ\\search.json.mozlz4", (void 0)))
DevTools listening on ws://127.0.0.1:56644/devtools/browser/14b6f790-a117-447a-a6db-db212a3d2291
console.warn: LoginRecipes: "Falling back to a synchronous message for: https://webclicker.web.app."
console.warn: LoginRecipes: "Falling back to a synchronous message for: https://webclicker.web.app."
1668815251543	Marionette	WARN	TimedPromise timed out after 500 ms: stacktrace:
TimedPromise/<@chrome://remote/content/marionette/sync.sys.mjs:220:24
TimedPromise@chrome://remote/content/marionette/sync.sys.mjs:205:10
interaction.flushEventLoop@chrome://remote/content/marionette/interaction.sys.mjs:425:10
webdriverClickElement@chrome://remote/content/marionette/interaction.sys.mjs:173:31
1668978197188	geckodriver	INFO	Listening on 127.0.0.1:62366
1668978200199	mozrunner::runner	INFO	Running command: "C:\\Program Files\\Mozilla Firefox\\firefox.exe" "--marionette" "--remote-debugging-port" "62367" "--remote-allow-hosts" "localhost" "-no-remote" "-profile" "C:\\Users\\super\\AppData\\Local\\Temp\\rust_mozprofiledV9So4"
1668978200588	Marionette	INFO	Marionette enabled
1668978200592	Marionette	INFO	Listening on port 62389
Read port: 62389
WebDriver BiDi listening on ws://127.0.0.1:62367
1668978200687	RemoteAgent	WARN	TLS certificate errors will be ignored for this session
console.warn: SearchSettings: "get: No settings file exists, new profile?" (new NotFoundError("Could not open the file at C:\\Users\\super\\AppData\\Local\\Temp\\rust_mozprofiledV9So4\\search.json.mozlz4", (void 0)))
DevTools listening on ws://127.0.0.1:62367/devtools/browser/0f32faa5-aae0-47ac-bc9b-794e29c9eaa0
console.warn: LoginRecipes: "Falling back to a synchronous message for: https://webclicker.web.app."
console.warn: LoginRecipes: "Falling back to a synchronous message for: https://webclicker.web.app."
console.error: services.settings: 
  main/pioneer-study-addons-v1 Signature failed  InvalidSignatureError: Invalid content signature (main/pioneer-study-addons-v1)
console.error: services.settings: 
  main/pioneer-study-addons-v1 local data was corrupted
console.warn: services.settings: main/pioneer-study-addons-v1 Signature verified failed. Retry from scratch
console.error: services.settings: 
  main/pioneer-study-addons-v1 Signature failed again InvalidSignatureError: Invalid content signature (main/pioneer-study-addons-v1)
console.error: services.settings: 
  Message: InvalidSignatureError: Invalid content signature (main/pioneer-study-addons-v1)
  Stack:
    InvalidSignatureError@resource://services-settings/RemoteSettingsClient.jsm:169:5
_validateCollectionSignature@resource://services-settings/RemoteSettingsClient.jsm:977:13

1669072031858	geckodriver	INFO	Listening on 127.0.0.1:50018
1669072034916	mozrunner::runner	INFO	Running command: "C:\\Program Files\\Mozilla Firefox\\firefox.exe" "--marionette" "--remote-debugging-port" "50019" "--remote-allow-hosts" "localhost" "-no-remote" "-profile" "C:\\Users\\super\\AppData\\Local\\Temp\\rust_mozprofileGT7I3M"
1669072035798	Marionette	INFO	Marionette enabled
1669072035809	Marionette	INFO	Listening on port 50036
Read port: 50036
WebDriver BiDi listening on ws://127.0.0.1:50019
1669072036066	RemoteAgent	WARN	TLS certificate errors will be ignored for this session
console.warn: SearchSettings: "get: No settings file exists, new profile?" (new NotFoundError("Could not open the file at C:\\Users\\super\\AppData\\Local\\Temp\\rust_mozprofileGT7I3M\\search.json.mozlz4", (void 0)))
DevTools listening on ws://127.0.0.1:50019/devtools/browser/cb4b1739-0611-4a99-af18-5f58af7d5a56
1669072046591	Marionette	WARN	TimedPromise timed out after 500 ms: stacktrace:
TimedPromise/<@chrome://remote/content/marionette/sync.sys.mjs:220:24
TimedPromise@chrome://remote/content/marionette/sync.sys.mjs:205:10
interaction.flushEventLoop@chrome://remote/content/marionette/interaction.sys.mjs:425:10
webdriverClickElement@chrome://remote/content/marionette/interaction.sys.mjs:173:31
console.warn: LoginRecipes: "Falling back to a synchronous message for: https://webclicker.web.app."
console.warn: LoginRecipes: "Falling back to a synchronous message for: https://webclicker.web.app."
1669072071025	Marionette	INFO	Stopped listening on port 50036
console.warn: TopSitesFeed: Failed to fetch data from Contile server: NetworkError when attempting to fetch resource.
1669072075691	geckodriver	INFO	Listening on 127.0.0.1:50128
1669072078751	mozrunner::runner	INFO	Running command: "C:\\Program Files\\Mozilla Firefox\\firefox.exe" "--marionette" "--remote-debugging-port" "50129" "--remote-allow-hosts" "localhost" "-no-remote" "-profile" "C:\\Users\\super\\AppData\\Local\\Temp\\rust_mozprofilerKMHSc"
1669072079372	Marionette	INFO	Marionette enabled
1669072079381	Marionette	INFO	Listening on port 50138
Read port: 50138
WebDriver BiDi listening on ws://127.0.0.1:50129
1669072079568	RemoteAgent	WARN	TLS certificate errors will be ignored for this session
console.warn: SearchSettings: "get: No settings file exists, new profile?" (new NotFoundError("Could not open the file at C:\\Users\\super\\AppData\\Local\\Temp\\rust_mozprofilerKMHSc\\search.json.mozlz4", (void 0)))
DevTools listening on ws://127.0.0.1:50129/devtools/browser/02fc768d-0ba4-4253-87db-4a634d29e51c
console.warn: LoginRecipes: "Falling back to a synchronous message for: https://webclicker.web.app."
console.warn: LoginRecipes: "Falling back to a synchronous message for: https://webclicker.web.app."
1669072589447	addons.xpi	ERROR	System addon update list error Error: Failed downloading XML, status: 0, reason: error
1669073738532	Marionette	INFO	Stopped listening on port 50138
console.warn: TopSitesFeed: Failed to fetch data from Contile server: NetworkError when attempting to fetch resource.
[Parent 23764, IPC I/O Parent] WARNING: file /builds/worker/checkouts/gecko/ipc/chromium/src/base/process_util_win.cc:167
1669073744383	geckodriver	INFO	Listening on 127.0.0.1:50393
1669073747427	mozrunner::runner	INFO	Running command: "C:\\Program Files\\Mozilla Firefox\\firefox.exe" "--marionette" "--remote-debugging-port" "50394" "--remote-allow-hosts" "localhost" "-no-remote" "-profile" "C:\\Users\\super\\AppData\\Local\\Temp\\rust_mozprofileaacHHi"
1669073748041	Marionette	INFO	Marionette enabled
1669073748048	Marionette	INFO	Listening on port 50403
Read port: 50403
WebDriver BiDi listening on ws://127.0.0.1:50394
1669073748228	RemoteAgent	WARN	TLS certificate errors will be ignored for this session
console.warn: SearchSettings: "get: No settings file exists, new profile?" (new NotFoundError("Could not open the file at C:\\Users\\super\\AppData\\Local\\Temp\\rust_mozprofileaacHHi\\search.json.mozlz4", (void 0)))
DevTools listening on ws://127.0.0.1:50394/devtools/browser/4e0f6656-4f0c-4a74-9ebd-ae73bf16d15c
console.warn: LoginRecipes: "Falling back to a synchronous message for: https://webclicker.web.app."
console.warn: LoginRecipes: "Falling back to a synchronous message for: https://webclicker.web.app."
1669074114697	Marionette	INFO	Stopped listening on port 50403
console.warn: TopSitesFeed: Failed to fetch data from Contile server: NetworkError when attempting to fetch resource.
